
[272445] signal (15): Terminated
in expression starting at /home/mazimum/Documents/Julia/dept-library-admin/backend/server.jl:65
epoll_wait at /lib/x86_64-linux-gnu/libc.so.6 (unknown line)
uv__io_poll at /workspace/srcdir/libuv/src/unix/epoll.c:236
uv_run at /workspace/srcdir/libuv/src/unix/core.c:400
ijl_task_get_next at /cache/build/builder-amdci4-4/julialang/julia-release-1-dot-9/src/partr.c:390
poptask at ./task.jl:974
wait at ./task.jl:983
#wait#621 at ./condition.jl:130
wait at ./condition.jl:125 [inlined]
_trywait at ./asyncevent.jl:138
wait at ./asyncevent.jl:155 [inlined]
sleep at ./asyncevent.jl:240 [inlined]
#up#2 at /home/mazimum/.julia/packages/Genie/G0LAe/src/Server.jl:158
up at /home/mazimum/.julia/packages/Genie/G0LAe/src/Server.jl:71 [inlined]
up at /home/mazimum/.julia/packages/Genie/G0LAe/src/Server.jl:71
unknown function (ip: 0x71c4aec6a585)
_jl_invoke at /cache/build/builder-amdci4-4/julialang/julia-release-1-dot-9/src/gf.c:2758 [inlined]
ijl_apply_generic at /cache/build/builder-amdci4-4/julialang/julia-release-1-dot-9/src/gf.c:2940
jl_apply at /cache/build/builder-amdci4-4/julialang/julia-release-1-dot-9/src/julia.h:1880 [inlined]
do_call at /cache/build/builder-amdci4-4/julialang/julia-release-1-dot-9/src/interpreter.c:126
eval_value at /cache/build/builder-amdci4-4/julialang/julia-release-1-dot-9/src/interpreter.c:226
eval_stmt_value at /cache/build/builder-amdci4-4/julialang/julia-release-1-dot-9/src/interpreter.c:177 [inlined]
eval_body at /cache/build/builder-amdci4-4/julialang/julia-release-1-dot-9/src/interpreter.c:624
jl_interpret_toplevel_thunk at /cache/build/builder-amdci4-4/julialang/julia-release-1-dot-9/src/interpreter.c:762
jl_toplevel_eval_flex at /cache/build/builder-amdci4-4/julialang/julia-release-1-dot-9/src/toplevel.c:912
jl_toplevel_eval_flex at /cache/build/builder-amdci4-4/julialang/julia-release-1-dot-9/src/toplevel.c:856
ijl_toplevel_eval_in at /cache/build/builder-amdci4-4/julialang/julia-release-1-dot-9/src/toplevel.c:971
eval at ./boot.jl:370 [inlined]
include_string at ./loading.jl:1903
_jl_invoke at /cache/build/builder-amdci4-4/julialang/julia-release-1-dot-9/src/gf.c:2758 [inlined]
ijl_apply_generic at /cache/build/builder-amdci4-4/julialang/julia-release-1-dot-9/src/gf.c:2940
_include at ./loading.jl:1963
include at ./Base.jl:457
jfptr_include_40628.clone_1 at /opt/julia-1.9/lib/julia/sys.so (unknown line)
_jl_invoke at /cache/build/builder-amdci4-4/julialang/julia-release-1-dot-9/src/gf.c:2758 [inlined]
ijl_apply_generic at /cache/build/builder-amdci4-4/julialang/julia-release-1-dot-9/src/gf.c:2940
exec_options at ./client.jl:307
_start at ./client.jl:522
jfptr__start_49509.clone_1 at /opt/julia-1.9/lib/julia/sys.so (unknown line)
_jl_invoke at /cache/build/builder-amdci4-4/julialang/julia-release-1-dot-9/src/gf.c:2758 [inlined]
ijl_apply_generic at /cache/build/builder-amdci4-4/julialang/julia-release-1-dot-9/src/gf.c:2940
jl_apply at /cache/build/builder-amdci4-4/julialang/julia-release-1-dot-9/src/julia.h:1880 [inlined]
true_main at /cache/build/builder-amdci4-4/julialang/julia-release-1-dot-9/src/jlapi.c:573
jl_repl_entrypoint at /cache/build/builder-amdci4-4/julialang/julia-release-1-dot-9/src/jlapi.c:717
main at julia (unknown line)
unknown function (ip: 0x71c4b002a1c9)
__libc_start_main at /lib/x86_64-linux-gnu/libc.so.6 (unknown line)
unknown function (ip: 0x4010b8)
unknown function (ip: (nil))
Allocations: 11090616 (Pool: 11079299; Big: 11317); GC: 15
[ Info: Loaded environment variables from /home/mazimum/Documents/Julia/dept-library-admin/backend/config/../../.env
[ Info: ✓ Supabase Database configured: https://yecpwijvbiurqysxazva.supabase.co
[DEBUG] Supabase DB_CONFIG: Main.SupabaseDbService.SupabaseDBConfig("https://yecpwijvbiurqysxazva.supabase.co", "eyJhbGciOiJIUzI1NiIsInR5cCI6IkpXVCJ9.eyJpc3MiOiJzdXBhYmFzZSIsInJlZiI6InllY3B3aWp2Yml1cnF5c3hhenZhIiwicm9sZSI6InNlcnZpY2Vfcm9sZSIsImlhdCI6MTc2Nzk1MzU3MywiZXhwIjoyMDgzNTI5NTczfQ.3t6LjSHcefYbbaBYSU3C3PShbVIqfvLbiCTSmeVKaHE", "")
[ Info: Web Server starting at http://0.0.0.0:8000 - press Ctrl/Cmd+C to stop the server. 
[ Info: Listening on: 0.0.0.0:8000, thread id: 1
[ Info: GET /api/materials?programme=Meteorology&level=300&semester=first-semester&course_code=MET%20317 200
[ Info: GET /api/materials 200
┌ Warning: temp cleanup
│   exception =
│    schedule: Task not runnable
│    Stacktrace:
│      [1] error(s::String)
│        @ Base ./error.jl:35
│      [2] enq_work(t::Task)
│        @ Base ./task.jl:769
│      [3] yield
│        @ ./task.jl:882 [inlined]
│      [4] yield
│        @ ./task.jl:880 [inlined]
│      [5] Channel{Tuple{String, Vector{String}, Vector{String}}}(func::Base.Filesystem.var"#28#31"{String}, size::Int64; taskref::Nothing, spawn::Bool, threadpool::Nothing)
│        @ Base ./channels.jl:154
│      [6] Channel (repeats 2 times)
│        @ ./channels.jl:140 [inlined]
│      [7] #walkdir#27
│        @ ./file.jl:969 [inlined]
│      [8] walkdir
│        @ ./file.jl:930 [inlined]
│      [9] prepare_for_deletion(path::String)
│        @ Base.Filesystem ./file.jl:509
│     [10] temp_cleanup_purge(; force::Bool)
│        @ Base.Filesystem ./file.jl:544
│     [11] temp_cleanup_purge
│        @ ./file.jl:537 [inlined]
│     [12] (::Base.var"#931#932")()
│        @ Base ./initdefs.jl:354
│     [13] _atexit(exitcode::Int32)
│        @ Base ./initdefs.jl:416
└ @ Base.Filesystem file.jl:549
[✓] Loaded environment variables from .env
[✓] Admin routes loaded
[✓] Student routes loaded
[✓] Supabase Storage configured and enabled
[ℹ] Bucket: materials

[DEBUG-MATERIALS] Raw response from Supabase: [{"id":34,"programme":"Meteorology","level":"300","semester":"first-semester","course_code":"MET 317","material_name":"2025 Draft Bill.pdf","material_type":"general","storage_path":"undergraduate/meteorology/level-300/first-semester/MET 317/general/2025 Draft Bill.pdf","created_at":"2026-01-12T08:06:50.24023"}]
[DEBUG-MATERIALS] Parsed data type: JSON3.Array{JSON3.Object, Base.CodeUnits{UInt8, String}, Vector{UInt64}}
[DEBUG-MATERIALS] Raw response from Supabase: [{"id":34,"programme":"Meteorology","level":"300","semester":"first-semester","course_code":"MET 317","material_name":"2025 Draft Bill.pdf","material_type":"general","storage_path":"undergraduate/meteorology/level-300/first-semester/MET 317/general/2025 Draft Bill.pdf","created_at":"2026-01-12T08:06:50.24023"}]
[DEBUG-MATERIALS] Parsed data type: JSON3.Array{JSON3.Object, Base.CodeUnits{UInt8, String}, Vector{UInt64}}
